

Started GET "/" for 127.0.0.1 at 2018-06-14 13:33:28 -0500

ActiveRecord::PendingMigrationError (

Migrations are pending. To resolve this issue, run:

	bin/rake db:migrate RAILS_ENV=development

):
  activerecord (4.2.5.1) lib/active_record/migration.rb:392:in `check_pending!'
  activerecord (4.2.5.1) lib/active_record/migration.rb:373:in `call'
  actionpack (4.2.5.1) lib/action_dispatch/middleware/callbacks.rb:29:in `block in call'
  activesupport (4.2.5.1) lib/active_support/callbacks.rb:88:in `__run_callbacks__'
  activesupport (4.2.5.1) lib/active_support/callbacks.rb:778:in `_run_call_callbacks'
  activesupport (4.2.5.1) lib/active_support/callbacks.rb:81:in `run_callbacks'
  actionpack (4.2.5.1) lib/action_dispatch/middleware/callbacks.rb:27:in `call'
  actionpack (4.2.5.1) lib/action_dispatch/middleware/reloader.rb:73:in `call'
  actionpack (4.2.5.1) lib/action_dispatch/middleware/remote_ip.rb:78:in `call'
  actionpack (4.2.5.1) lib/action_dispatch/middleware/debug_exceptions.rb:17:in `call'
  web-console (2.3.0) lib/web_console/middleware.rb:28:in `block in call'
  web-console (2.3.0) lib/web_console/middleware.rb:18:in `catch'
  web-console (2.3.0) lib/web_console/middleware.rb:18:in `call'
  actionpack (4.2.5.1) lib/action_dispatch/middleware/show_exceptions.rb:30:in `call'
  railties (4.2.5.1) lib/rails/rack/logger.rb:38:in `call_app'
  railties (4.2.5.1) lib/rails/rack/logger.rb:20:in `block in call'
  activesupport (4.2.5.1) lib/active_support/tagged_logging.rb:68:in `block in tagged'
  activesupport (4.2.5.1) lib/active_support/tagged_logging.rb:26:in `tagged'
  activesupport (4.2.5.1) lib/active_support/tagged_logging.rb:68:in `tagged'
  railties (4.2.5.1) lib/rails/rack/logger.rb:20:in `call'
  actionpack (4.2.5.1) lib/action_dispatch/middleware/request_id.rb:21:in `call'
  rack (1.6.4) lib/rack/methodoverride.rb:22:in `call'
  rack (1.6.4) lib/rack/runtime.rb:18:in `call'
  activesupport (4.2.5.1) lib/active_support/cache/strategy/local_cache_middleware.rb:28:in `call'
  rack (1.6.4) lib/rack/lock.rb:17:in `call'
  actionpack (4.2.5.1) lib/action_dispatch/middleware/static.rb:116:in `call'
  rack (1.6.4) lib/rack/sendfile.rb:113:in `call'
  railties (4.2.5.1) lib/rails/engine.rb:518:in `call'
  railties (4.2.5.1) lib/rails/application.rb:165:in `call'
  rack (1.6.4) lib/rack/lock.rb:17:in `call'
  rack (1.6.4) lib/rack/content_length.rb:15:in `call'
  rack (1.6.4) lib/rack/handler/webrick.rb:88:in `service'
  /usr/share/rvm/rubies/ruby-2.3.1/lib/ruby/2.3.0/webrick/httpserver.rb:140:in `service'
  /usr/share/rvm/rubies/ruby-2.3.1/lib/ruby/2.3.0/webrick/httpserver.rb:96:in `run'
  /usr/share/rvm/rubies/ruby-2.3.1/lib/ruby/2.3.0/webrick/server.rb:296:in `block in start_thread'


  Rendered /home/alli/.rvm/gems/ruby-2.3.1/gems/actionpack-4.2.5.1/lib/action_dispatch/middleware/templates/rescues/_source.erb (7.4ms)
  Rendered /home/alli/.rvm/gems/ruby-2.3.1/gems/actionpack-4.2.5.1/lib/action_dispatch/middleware/templates/rescues/_trace.html.erb (3.9ms)
  Rendered /home/alli/.rvm/gems/ruby-2.3.1/gems/actionpack-4.2.5.1/lib/action_dispatch/middleware/templates/rescues/_request_and_response.html.erb (1.8ms)
  Rendered /home/alli/.rvm/gems/ruby-2.3.1/gems/actionpack-4.2.5.1/lib/action_dispatch/middleware/templates/rescues/diagnostics.html.erb within rescues/layout (75.6ms)
  Rendered /home/alli/.rvm/gems/ruby-2.3.1/gems/web-console-2.3.0/lib/web_console/templates/_markup.html.erb (1.0ms)
  Rendered /home/alli/.rvm/gems/ruby-2.3.1/gems/web-console-2.3.0/lib/web_console/templates/_inner_console_markup.html.erb within layouts/inlined_string (0.8ms)
  Rendered /home/alli/.rvm/gems/ruby-2.3.1/gems/web-console-2.3.0/lib/web_console/templates/_prompt_box_markup.html.erb within layouts/inlined_string (0.7ms)
  Rendered /home/alli/.rvm/gems/ruby-2.3.1/gems/web-console-2.3.0/lib/web_console/templates/style.css.erb within layouts/inlined_string (0.7ms)
  Rendered /home/alli/.rvm/gems/ruby-2.3.1/gems/web-console-2.3.0/lib/web_console/templates/console.js.erb within layouts/javascript (124.2ms)
  Rendered /home/alli/.rvm/gems/ruby-2.3.1/gems/web-console-2.3.0/lib/web_console/templates/main.js.erb within layouts/javascript (0.7ms)
  Rendered /home/alli/.rvm/gems/ruby-2.3.1/gems/web-console-2.3.0/lib/web_console/templates/error_page.js.erb within layouts/javascript (1.1ms)
  Rendered /home/alli/.rvm/gems/ruby-2.3.1/gems/web-console-2.3.0/lib/web_console/templates/index.html.erb (201.6ms)
  [1m[36m (79.1ms)[0m  [1mCREATE TABLE "schema_migrations" ("version" varchar NOT NULL) [0m
  [1m[35m (0.3ms)[0m  select sqlite_version(*)
  [1m[36m (75.9ms)[0m  [1mCREATE UNIQUE INDEX "unique_schema_migrations" ON "schema_migrations" ("version")[0m
  [1m[35mActiveRecord::SchemaMigration Load (0.4ms)[0m  SELECT "schema_migrations".* FROM "schema_migrations"
Migrating to CreatePosts (20160222203640)
  [1m[36m (0.2ms)[0m  [1mbegin transaction[0m
  [1m[35m (0.9ms)[0m  CREATE TABLE "posts" ("id" INTEGER PRIMARY KEY AUTOINCREMENT NOT NULL, "title" varchar, "content" text, "created_at" datetime NOT NULL, "updated_at" datetime NOT NULL) 
  [1m[36mSQL (0.5ms)[0m  [1mINSERT INTO "schema_migrations" ("version") VALUES (?)[0m  [["version", "20160222203640"]]
  [1m[35m (78.8ms)[0m  commit transaction
Migrating to CreateComments (20160222203701)
  [1m[36m (0.3ms)[0m  [1mbegin transaction[0m
  [1m[35m (1.0ms)[0m  CREATE TABLE "comments" ("id" INTEGER PRIMARY KEY AUTOINCREMENT NOT NULL, "content" text, "post_id" integer, "created_at" datetime NOT NULL, "updated_at" datetime NOT NULL) 
  [1m[36mSQL (0.5ms)[0m  [1mINSERT INTO "schema_migrations" ("version") VALUES (?)[0m  [["version", "20160222203701"]]
  [1m[35m (69.9ms)[0m  commit transaction
  [1m[36mActiveRecord::SchemaMigration Load (0.3ms)[0m  [1mSELECT "schema_migrations".* FROM "schema_migrations"[0m


Started GET "/" for 127.0.0.1 at 2018-06-14 13:35:58 -0500
  [1m[36mActiveRecord::SchemaMigration Load (0.5ms)[0m  [1mSELECT "schema_migrations".* FROM "schema_migrations"[0m
Processing by Rails::WelcomeController#index as HTML
  Rendered /home/alli/.rvm/gems/ruby-2.3.1/gems/railties-4.2.5.1/lib/rails/templates/rails/welcome/index.html.erb (2.0ms)
Completed 200 OK in 59ms (Views: 31.8ms | ActiveRecord: 0.0ms)


Started GET "/posts" for 127.0.0.1 at 2018-06-14 13:40:21 -0500
Processing by PostsController#index as HTML
  [1m[35mPost Load (0.7ms)[0m  SELECT "posts".* FROM "posts"
  Rendered posts/index.html.erb within layouts/application (4.8ms)
Completed 200 OK in 1360ms (Views: 1295.8ms | ActiveRecord: 0.8ms)


Started GET "/assets/comments.self-e3b0c44298fc1c149afbf4c8996fb92427ae41e4649b934ca495991b7852b855.css?body=1" for 127.0.0.1 at 2018-06-14 13:40:22 -0500


Started GET "/assets/scaffolds.self-80e50709cfe4ca0eb115db194a78e0c7820e5c5c2c7fb79088478a308743f4ff.css?body=1" for 127.0.0.1 at 2018-06-14 13:40:22 -0500


Started GET "/assets/comments.self-e3b0c44298fc1c149afbf4c8996fb92427ae41e4649b934ca495991b7852b855.js?body=1" for 127.0.0.1 at 2018-06-14 13:40:22 -0500


Started GET "/assets/application.self-377610cd7c1509e934744c810e3b4cf672dfbcacac3274e7d039827e2ae0fcc7.js?body=1" for 127.0.0.1 at 2018-06-14 13:40:22 -0500


Started GET "/assets/posts.self-d930cb2fb3ae6aa27f3910f2a560368348e51163e1c71ce7b73a24ad0bc116ae.js?body=1" for 127.0.0.1 at 2018-06-14 13:40:22 -0500


Started GET "/posts/new" for 127.0.0.1 at 2018-06-14 13:41:02 -0500
Processing by PostsController#new as HTML
  Rendered posts/_form.html.erb (99.4ms)
  Rendered posts/new.html.erb within layouts/application (103.8ms)
Completed 200 OK in 174ms (Views: 160.5ms | ActiveRecord: 1.0ms)


Started POST "/posts" for 127.0.0.1 at 2018-06-14 13:41:11 -0500
Processing by PostsController#create as HTML
  Parameters: {"utf8"=>"✓", "authenticity_token"=>"n8rnfMcmud/ZxXTzJjodY7/eRJG5YjGJVMDdzreG/xuGLqkBYiICPu0UI5qoCqXoUhYmKCDs1eYe1mEsOG1mlA==", "post"=>{"title"=>"First Post", "content"=>"This is my first post."}, "commit"=>"Create Post"}
  [1m[36m (0.2ms)[0m  [1mbegin transaction[0m
  [1m[35mSQL (0.8ms)[0m  INSERT INTO "posts" ("title", "content", "created_at", "updated_at") VALUES (?, ?, ?, ?)  [["title", "First Post"], ["content", "This is my first post."], ["created_at", "2018-06-14 18:41:11.015632"], ["updated_at", "2018-06-14 18:41:11.015632"]]
  [1m[36m (166.7ms)[0m  [1mcommit transaction[0m
Redirected to http://localhost:3000/posts/1
Completed 302 Found in 182ms (ActiveRecord: 167.7ms)


Started GET "/posts/1" for 127.0.0.1 at 2018-06-14 13:41:11 -0500
Processing by PostsController#show as HTML
  Parameters: {"id"=>"1"}
  [1m[35mPost Load (0.5ms)[0m  SELECT  "posts".* FROM "posts" WHERE "posts"."id" = ? LIMIT 1  [["id", 1]]
  [1m[36mComment Load (0.4ms)[0m  [1mSELECT "comments".* FROM "comments" WHERE "comments"."post_id" = ?[0m  [["post_id", 1]]
  Rendered comments/_comments.html.erb (3.2ms)
  Rendered posts/show.html.erb within layouts/application (11.9ms)
Completed 200 OK in 241ms (Views: 46.1ms | ActiveRecord: 1.4ms)


Started POST "/posts/1/comments" for 127.0.0.1 at 2018-06-14 13:42:48 -0500
Processing by CommentsController#create as JS
  Parameters: {"utf8"=>"✓", "comment"=>{"content"=>"A comment."}, "commit"=>"Create Comment", "post_id"=>"1"}
  [1m[35mPost Load (0.2ms)[0m  SELECT  "posts".* FROM "posts" WHERE "posts"."id" = ? LIMIT 1  [["id", 1]]
  [1m[36m (0.2ms)[0m  [1mbegin transaction[0m
  [1m[35mSQL (0.6ms)[0m  INSERT INTO "comments" ("content", "post_id", "created_at", "updated_at") VALUES (?, ?, ?, ?)  [["content", "A comment."], ["post_id", 1], ["created_at", "2018-06-14 18:42:48.614447"], ["updated_at", "2018-06-14 18:42:48.614447"]]
  [1m[36m (55.1ms)[0m  [1mcommit transaction[0m
  Rendered comments/_comment.html.erb (0.8ms)
  Rendered comments/create.js.erb (11.5ms)
Completed 200 OK in 138ms (Views: 50.9ms | ActiveRecord: 56.1ms)


Started POST "/posts/1/comments" for 127.0.0.1 at 2018-06-14 13:44:44 -0500
Processing by CommentsController#create as JS
  Parameters: {"utf8"=>"✓", "comment"=>{"content"=>"Another comment."}, "commit"=>"Create Comment", "post_id"=>"1"}
  [1m[35mPost Load (0.3ms)[0m  SELECT  "posts".* FROM "posts" WHERE "posts"."id" = ? LIMIT 1  [["id", 1]]
  [1m[36m (0.2ms)[0m  [1mbegin transaction[0m
  [1m[35mSQL (0.4ms)[0m  INSERT INTO "comments" ("content", "post_id", "created_at", "updated_at") VALUES (?, ?, ?, ?)  [["content", "Another comment."], ["post_id", 1], ["created_at", "2018-06-14 18:44:44.433892"], ["updated_at", "2018-06-14 18:44:44.433892"]]
  [1m[36m (53.0ms)[0m  [1mcommit transaction[0m
  Rendered comments/_comment.html.erb (0.1ms)
  Rendered comments/create.js.erb (8.6ms)
Completed 200 OK in 86ms (Views: 25.0ms | ActiveRecord: 53.9ms)


Started POST "/posts/1/comments" for 127.0.0.1 at 2018-06-14 13:47:18 -0500
Processing by CommentsController#create as JS
  Parameters: {"utf8"=>"✓", "comment"=>{"content"=>"this is an ajax get request"}, "commit"=>"Create Comment", "post_id"=>"1"}
  [1m[35mPost Load (0.3ms)[0m  SELECT  "posts".* FROM "posts" WHERE "posts"."id" = ? LIMIT 1  [["id", 1]]
  [1m[36m (0.2ms)[0m  [1mbegin transaction[0m
  [1m[35mSQL (0.5ms)[0m  INSERT INTO "comments" ("content", "post_id", "created_at", "updated_at") VALUES (?, ?, ?, ?)  [["content", "this is an ajax get request"], ["post_id", 1], ["created_at", "2018-06-14 18:47:18.905293"], ["updated_at", "2018-06-14 18:47:18.905293"]]
  [1m[36m (54.9ms)[0m  [1mcommit transaction[0m
  Rendered comments/_comment.html.erb (0.1ms)
  Rendered comments/create.js.erb (6.1ms)
Completed 200 OK in 82ms (Views: 17.8ms | ActiveRecord: 55.8ms)


Started GET "/posts/1" for 127.0.0.1 at 2018-06-14 13:59:50 -0500
Processing by PostsController#show as HTML
  Parameters: {"id"=>"1"}
  [1m[35mPost Load (0.5ms)[0m  SELECT  "posts".* FROM "posts" WHERE "posts"."id" = ? LIMIT 1  [["id", 1]]
  [1m[36mComment Load (0.6ms)[0m  [1mSELECT "comments".* FROM "comments" WHERE "comments"."post_id" = ?[0m  [["post_id", 1]]
  Rendered comments/_comments.html.erb (34.0ms)
  Rendered posts/show.html.erb within layouts/application (42.4ms)
Completed 200 OK in 239ms (Views: 203.3ms | ActiveRecord: 2.9ms)


Started GET "/assets/posts.self-64c21a84258d88b42397c698d07136956b71789fe1782653e52b13263fbd0c88.js?body=1" for 127.0.0.1 at 2018-06-14 13:59:51 -0500


Started GET "/posts/1/comments" for 127.0.0.1 at 2018-06-14 13:59:55 -0500
Processing by CommentsController#index as */*
  Parameters: {"post_id"=>"1"}
  [1m[35mPost Load (0.3ms)[0m  SELECT  "posts".* FROM "posts" WHERE "posts"."id" = ? LIMIT 1  [["id", 1]]
  [1m[36mComment Load (0.4ms)[0m  [1mSELECT "comments".* FROM "comments" WHERE "comments"."post_id" = ?[0m  [["post_id", 1]]
  Rendered comments/index.html.erb (5.2ms)
Completed 200 OK in 44ms (Views: 38.7ms | ActiveRecord: 0.7ms)


Started GET "/posts/1/comments" for 127.0.0.1 at 2018-06-14 13:59:55 -0500
Processing by CommentsController#index as JS
  Parameters: {"post_id"=>"1"}
  [1m[35mPost Load (0.2ms)[0m  SELECT  "posts".* FROM "posts" WHERE "posts"."id" = ? LIMIT 1  [["id", 1]]
  [1m[36mComment Load (0.2ms)[0m  [1mSELECT "comments".* FROM "comments" WHERE "comments"."post_id" = ?[0m  [["post_id", 1]]
  Rendered comments/_comments.html.erb (2.7ms)
  Rendered comments/index.js.erb (13.2ms)
Completed 200 OK in 28ms (Views: 24.2ms | ActiveRecord: 0.5ms)


Started GET "/posts/1/comments" for 127.0.0.1 at 2018-06-14 13:59:57 -0500
Processing by CommentsController#index as */*
  Parameters: {"post_id"=>"1"}
  [1m[35mPost Load (0.2ms)[0m  SELECT  "posts".* FROM "posts" WHERE "posts"."id" = ? LIMIT 1  [["id", 1]]
  [1m[36mComment Load (0.2ms)[0m  [1mSELECT "comments".* FROM "comments" WHERE "comments"."post_id" = ?[0m  [["post_id", 1]]
  Rendered comments/index.html.erb (1.7ms)
Completed 200 OK in 14ms (Views: 10.8ms | ActiveRecord: 0.4ms)


Started GET "/posts/1/comments" for 127.0.0.1 at 2018-06-14 13:59:57 -0500
Processing by CommentsController#index as JS
  Parameters: {"post_id"=>"1"}
  [1m[35mPost Load (0.5ms)[0m  SELECT  "posts".* FROM "posts" WHERE "posts"."id" = ? LIMIT 1  [["id", 1]]
  [1m[36mComment Load (0.3ms)[0m  [1mSELECT "comments".* FROM "comments" WHERE "comments"."post_id" = ?[0m  [["post_id", 1]]
  Rendered comments/_comments.html.erb (2.3ms)
  Rendered comments/index.js.erb (13.8ms)
Completed 200 OK in 31ms (Views: 26.4ms | ActiveRecord: 0.8ms)


Started GET "/posts" for 127.0.0.1 at 2018-06-14 14:00:16 -0500
Processing by PostsController#index as HTML
  [1m[35mPost Load (1.3ms)[0m  SELECT "posts".* FROM "posts"
  Rendered posts/index.html.erb within layouts/application (5.2ms)
Completed 200 OK in 79ms (Views: 75.9ms | ActiveRecord: 1.3ms)


Started GET "/posts/1" for 127.0.0.1 at 2018-06-14 14:00:20 -0500
Processing by PostsController#show as HTML
  Parameters: {"id"=>"1"}
  [1m[36mPost Load (0.2ms)[0m  [1mSELECT  "posts".* FROM "posts" WHERE "posts"."id" = ? LIMIT 1[0m  [["id", 1]]
  [1m[35mComment Load (0.3ms)[0m  SELECT "comments".* FROM "comments" WHERE "comments"."post_id" = ?  [["post_id", 1]]
  Rendered comments/_comments.html.erb (2.3ms)
  Rendered posts/show.html.erb within layouts/application (7.2ms)
Completed 200 OK in 51ms (Views: 47.3ms | ActiveRecord: 0.5ms)


Started GET "/posts/1" for 127.0.0.1 at 2018-06-14 14:08:12 -0500
Processing by PostsController#show as HTML
  Parameters: {"id"=>"1"}
  [1m[36mPost Load (0.3ms)[0m  [1mSELECT  "posts".* FROM "posts" WHERE "posts"."id" = ? LIMIT 1[0m  [["id", 1]]
  [1m[35mComment Load (0.4ms)[0m  SELECT "comments".* FROM "comments" WHERE "comments"."post_id" = ?  [["post_id", 1]]
  Rendered comments/_comments.html.erb (6.1ms)
  Rendered posts/show.html.erb within layouts/application (12.4ms)
Completed 200 OK in 192ms (Views: 160.5ms | ActiveRecord: 2.3ms)


Started GET "/assets/posts.self-65022f71d62a13f5b5b26d10e1fe5c0e8632fa31f452d805459bb989f7fd0528.js?body=1" for 127.0.0.1 at 2018-06-14 14:08:12 -0500


Started GET "/posts/1/comments" for 127.0.0.1 at 2018-06-14 14:08:14 -0500
Processing by CommentsController#index as JS
  Parameters: {"post_id"=>"1"}
  [1m[36mPost Load (0.2ms)[0m  [1mSELECT  "posts".* FROM "posts" WHERE "posts"."id" = ? LIMIT 1[0m  [["id", 1]]
  [1m[35mComment Load (0.2ms)[0m  SELECT "comments".* FROM "comments" WHERE "comments"."post_id" = ?  [["post_id", 1]]
  Rendered comments/_comments.html.erb (1.9ms)
  Rendered comments/index.js.erb (10.6ms)
Completed 200 OK in 31ms (Views: 27.3ms | ActiveRecord: 0.4ms)


Started GET "/posts/1" for 127.0.0.1 at 2018-06-14 14:10:01 -0500
Processing by PostsController#show as HTML
  Parameters: {"id"=>"1"}
  [1m[36mPost Load (0.4ms)[0m  [1mSELECT  "posts".* FROM "posts" WHERE "posts"."id" = ? LIMIT 1[0m  [["id", 1]]
  [1m[35mComment Load (0.3ms)[0m  SELECT "comments".* FROM "comments" WHERE "comments"."post_id" = ?  [["post_id", 1]]
  Rendered comments/_comments.html.erb (2.7ms)
  Rendered posts/show.html.erb within layouts/application (11.7ms)
Completed 200 OK in 67ms (Views: 60.3ms | ActiveRecord: 0.7ms)


Started GET "/posts" for 127.0.0.1 at 2018-06-14 14:10:06 -0500
Processing by PostsController#index as HTML
  [1m[36mPost Load (0.5ms)[0m  [1mSELECT "posts".* FROM "posts"[0m
  Rendered posts/index.html.erb within layouts/application (4.1ms)
Completed 200 OK in 48ms (Views: 45.7ms | ActiveRecord: 0.5ms)


Started GET "/posts/1" for 127.0.0.1 at 2018-06-14 14:10:08 -0500
Processing by PostsController#show as HTML
  Parameters: {"id"=>"1"}
  [1m[35mPost Load (0.5ms)[0m  SELECT  "posts".* FROM "posts" WHERE "posts"."id" = ? LIMIT 1  [["id", 1]]
  [1m[36mComment Load (0.3ms)[0m  [1mSELECT "comments".* FROM "comments" WHERE "comments"."post_id" = ?[0m  [["post_id", 1]]
  Rendered comments/_comments.html.erb (2.6ms)
  Rendered posts/show.html.erb within layouts/application (9.3ms)
Completed 200 OK in 60ms (Views: 54.6ms | ActiveRecord: 0.8ms)


Started GET "/posts/1" for 127.0.0.1 at 2018-06-14 14:10:35 -0500
Processing by PostsController#show as HTML
  Parameters: {"id"=>"1"}
  [1m[35mPost Load (0.3ms)[0m  SELECT  "posts".* FROM "posts" WHERE "posts"."id" = ? LIMIT 1  [["id", 1]]
  [1m[36mComment Load (0.4ms)[0m  [1mSELECT "comments".* FROM "comments" WHERE "comments"."post_id" = ?[0m  [["post_id", 1]]
  Rendered comments/_comments.html.erb (2.6ms)
  Rendered posts/show.html.erb within layouts/application (11.3ms)
Completed 200 OK in 62ms (Views: 56.6ms | ActiveRecord: 0.7ms)


Started GET "/posts/1/comments" for 127.0.0.1 at 2018-06-14 14:10:37 -0500
Processing by CommentsController#index as JS
  Parameters: {"post_id"=>"1"}
  [1m[35mPost Load (0.2ms)[0m  SELECT  "posts".* FROM "posts" WHERE "posts"."id" = ? LIMIT 1  [["id", 1]]
  [1m[36mComment Load (0.2ms)[0m  [1mSELECT "comments".* FROM "comments" WHERE "comments"."post_id" = ?[0m  [["post_id", 1]]
  Rendered comments/_comments.html.erb (1.6ms)
  Rendered comments/index.js.erb (11.1ms)
Completed 200 OK in 24ms (Views: 20.6ms | ActiveRecord: 0.4ms)


Started POST "/posts/1/comments" for 127.0.0.1 at 2018-06-14 14:10:58 -0500
Processing by CommentsController#create as JS
  Parameters: {"utf8"=>"✓", "comment"=>{"content"=>"and another."}, "commit"=>"Create Comment", "post_id"=>"1"}
  [1m[35mPost Load (0.2ms)[0m  SELECT  "posts".* FROM "posts" WHERE "posts"."id" = ? LIMIT 1  [["id", 1]]
  [1m[36m (0.2ms)[0m  [1mbegin transaction[0m
  [1m[35mSQL (1.1ms)[0m  INSERT INTO "comments" ("content", "post_id", "created_at", "updated_at") VALUES (?, ?, ?, ?)  [["content", "and another."], ["post_id", 1], ["created_at", "2018-06-14 19:10:58.061363"], ["updated_at", "2018-06-14 19:10:58.061363"]]
  [1m[36m (63.6ms)[0m  [1mcommit transaction[0m
  Rendered comments/_comment.html.erb (0.1ms)
  Rendered comments/create.js.erb (8.6ms)
Completed 200 OK in 98ms (Views: 24.5ms | ActiveRecord: 65.1ms)


Started GET "/posts/1" for 127.0.0.1 at 2018-06-14 14:18:23 -0500
Processing by PostsController#show as HTML
  Parameters: {"id"=>"1"}
  [1m[35mPost Load (0.3ms)[0m  SELECT  "posts".* FROM "posts" WHERE "posts"."id" = ? LIMIT 1  [["id", 1]]
  [1m[36mComment Load (0.3ms)[0m  [1mSELECT "comments".* FROM "comments" WHERE "comments"."post_id" = ?[0m  [["post_id", 1]]
  Rendered comments/_comments.html.erb (2.1ms)
  Rendered posts/show.html.erb within layouts/application (7.0ms)
Completed 200 OK in 59ms (Views: 52.9ms | ActiveRecord: 0.6ms)


Started GET "/posts/1/comments" for 127.0.0.1 at 2018-06-14 14:18:25 -0500
Processing by CommentsController#index as JS
  Parameters: {"post_id"=>"1"}
  [1m[35mPost Load (0.2ms)[0m  SELECT  "posts".* FROM "posts" WHERE "posts"."id" = ? LIMIT 1  [["id", 1]]
  [1m[36mComment Load (0.2ms)[0m  [1mSELECT "comments".* FROM "comments" WHERE "comments"."post_id" = ?[0m  [["post_id", 1]]
  Rendered comments/_comments.html.erb (1.7ms)
  Rendered comments/index.js.erb (8.1ms)
Completed 200 OK in 20ms (Views: 16.4ms | ActiveRecord: 0.4ms)


Started GET "/posts/1" for 127.0.0.1 at 2018-06-14 14:25:33 -0500
Processing by PostsController#show as HTML
  Parameters: {"id"=>"1"}
  [1m[35mPost Load (0.3ms)[0m  SELECT  "posts".* FROM "posts" WHERE "posts"."id" = ? LIMIT 1  [["id", 1]]
  [1m[36mComment Load (0.4ms)[0m  [1mSELECT "comments".* FROM "comments" WHERE "comments"."post_id" = ?[0m  [["post_id", 1]]
  Rendered comments/_comments.html.erb (5.0ms)
  Rendered posts/show.html.erb within layouts/application (10.1ms)
Completed 200 OK in 74ms (Views: 44.8ms | ActiveRecord: 2.2ms)


Started GET "/posts/1/comments" for 127.0.0.1 at 2018-06-14 14:25:36 -0500
Processing by CommentsController#index as JS
  Parameters: {"post_id"=>"1"}
  [1m[35mPost Load (0.2ms)[0m  SELECT  "posts".* FROM "posts" WHERE "posts"."id" = ? LIMIT 1  [["id", 1]]
  [1m[36mComment Load (0.2ms)[0m  [1mSELECT "comments".* FROM "comments" WHERE "comments"."post_id" = ?[0m  [["post_id", 1]]
  Rendered comments/_comments.html.erb (2.7ms)
  Rendered comments/index.js.erb (5.2ms)
Completed 200 OK in 17ms (Views: 13.7ms | ActiveRecord: 0.4ms)


Started GET "/posts/1" for 127.0.0.1 at 2018-06-14 14:32:33 -0500
Processing by PostsController#show as HTML
  Parameters: {"id"=>"1"}
  [1m[35mPost Load (0.3ms)[0m  SELECT  "posts".* FROM "posts" WHERE "posts"."id" = ? LIMIT 1  [["id", 1]]
  [1m[36mComment Load (0.4ms)[0m  [1mSELECT "comments".* FROM "comments" WHERE "comments"."post_id" = ?[0m  [["post_id", 1]]
  Rendered comments/_comments.html.erb (2.9ms)
  Rendered posts/show.html.erb within layouts/application (8.7ms)
Completed 200 OK in 59ms (Views: 53.6ms | ActiveRecord: 0.7ms)


Started GET "/posts/1/comments" for 127.0.0.1 at 2018-06-14 14:32:39 -0500
Processing by CommentsController#index as JS
  Parameters: {"post_id"=>"1"}
  [1m[35mPost Load (0.2ms)[0m  SELECT  "posts".* FROM "posts" WHERE "posts"."id" = ? LIMIT 1  [["id", 1]]
  [1m[36mComment Load (0.3ms)[0m  [1mSELECT "comments".* FROM "comments" WHERE "comments"."post_id" = ?[0m  [["post_id", 1]]
  Rendered comments/_comments.html.erb (2.2ms)
  Rendered comments/index.js.erb (4.2ms)
Completed 200 OK in 10ms (Views: 6.6ms | ActiveRecord: 0.5ms)


Started GET "/posts/1/comments" for 127.0.0.1 at 2018-06-14 14:33:03 -0500
Processing by CommentsController#index as JS
  Parameters: {"post_id"=>"1"}
  [1m[35mPost Load (0.2ms)[0m  SELECT  "posts".* FROM "posts" WHERE "posts"."id" = ? LIMIT 1  [["id", 1]]
  [1m[36mComment Load (0.3ms)[0m  [1mSELECT "comments".* FROM "comments" WHERE "comments"."post_id" = ?[0m  [["post_id", 1]]
  Rendered comments/_comments.html.erb (2.1ms)
  Rendered comments/index.js.erb (4.0ms)
Completed 200 OK in 9ms (Views: 6.0ms | ActiveRecord: 0.5ms)


Started GET "/posts/1" for 127.0.0.1 at 2018-06-14 14:33:05 -0500
Processing by PostsController#show as HTML
  Parameters: {"id"=>"1"}
  [1m[35mPost Load (0.3ms)[0m  SELECT  "posts".* FROM "posts" WHERE "posts"."id" = ? LIMIT 1  [["id", 1]]
  [1m[36mComment Load (0.4ms)[0m  [1mSELECT "comments".* FROM "comments" WHERE "comments"."post_id" = ?[0m  [["post_id", 1]]
  Rendered comments/_comments.html.erb (3.4ms)
  Rendered posts/show.html.erb within layouts/application (9.7ms)
Completed 200 OK in 63ms (Views: 57.7ms | ActiveRecord: 0.7ms)


Started GET "/posts/1/comments" for 127.0.0.1 at 2018-06-14 14:33:08 -0500
Processing by CommentsController#index as JS
  Parameters: {"post_id"=>"1"}
  [1m[35mPost Load (0.2ms)[0m  SELECT  "posts".* FROM "posts" WHERE "posts"."id" = ? LIMIT 1  [["id", 1]]
  [1m[36mComment Load (0.2ms)[0m  [1mSELECT "comments".* FROM "comments" WHERE "comments"."post_id" = ?[0m  [["post_id", 1]]
  Rendered comments/_comments.html.erb (1.9ms)
  Rendered comments/index.js.erb (3.5ms)
Completed 200 OK in 8ms (Views: 5.4ms | ActiveRecord: 0.4ms)


Started POST "/posts/1/comments" for 127.0.0.1 at 2018-06-14 14:44:41 -0500
Processing by CommentsController#create as JS
  Parameters: {"utf8"=>"✓", "comment"=>{"content"=>"new comment sans ajax"}, "commit"=>"Create Comment", "post_id"=>"1"}
  [1m[35mPost Load (0.2ms)[0m  SELECT  "posts".* FROM "posts" WHERE "posts"."id" = ? LIMIT 1  [["id", 1]]
  [1m[36m (0.2ms)[0m  [1mbegin transaction[0m
  [1m[35mSQL (0.6ms)[0m  INSERT INTO "comments" ("content", "post_id", "created_at", "updated_at") VALUES (?, ?, ?, ?)  [["content", "new comment sans ajax"], ["post_id", 1], ["created_at", "2018-06-14 19:44:41.711131"], ["updated_at", "2018-06-14 19:44:41.711131"]]
  [1m[36m (56.5ms)[0m  [1mcommit transaction[0m
  Rendered comments/_comment.html.erb (0.1ms)
  Rendered comments/create.js.erb (8.7ms)
Completed 200 OK in 88ms (Views: 23.5ms | ActiveRecord: 57.5ms)


Started POST "/posts/1/comments" for 127.0.0.1 at 2018-06-14 14:47:35 -0500
Processing by CommentsController#create as JS
  Parameters: {"utf8"=>"✓", "comment"=>{"content"=>"test"}, "commit"=>"Create Comment", "post_id"=>"1"}
  [1m[35mPost Load (0.3ms)[0m  SELECT  "posts".* FROM "posts" WHERE "posts"."id" = ? LIMIT 1  [["id", 1]]
  [1m[36m (0.2ms)[0m  [1mbegin transaction[0m
  [1m[35mSQL (0.5ms)[0m  INSERT INTO "comments" ("content", "post_id", "created_at", "updated_at") VALUES (?, ?, ?, ?)  [["content", "test"], ["post_id", 1], ["created_at", "2018-06-14 19:47:35.316458"], ["updated_at", "2018-06-14 19:47:35.316458"]]
  [1m[36m (48.2ms)[0m  [1mcommit transaction[0m
  Rendered comments/_comment.html.erb (0.1ms)
  Rendered comments/create.js.erb (8.7ms)
Completed 200 OK in 84ms (Views: 26.0ms | ActiveRecord: 49.1ms)


Started GET "/posts/1" for 127.0.0.1 at 2018-06-14 15:00:55 -0500
Processing by PostsController#show as HTML
  Parameters: {"id"=>"1"}
  [1m[35mPost Load (0.2ms)[0m  SELECT  "posts".* FROM "posts" WHERE "posts"."id" = ? LIMIT 1  [["id", 1]]
  [1m[36mComment Load (0.3ms)[0m  [1mSELECT "comments".* FROM "comments" WHERE "comments"."post_id" = ?[0m  [["post_id", 1]]
  Rendered comments/_comments.html.erb (2.4ms)
  Rendered posts/show.html.erb within layouts/application (9.1ms)
Completed 200 OK in 156ms (Views: 151.4ms | ActiveRecord: 0.5ms)


Started GET "/assets/posts.self-f3c3e95804fd9fd71586d2ae148839f91c1e5ef965cc8e30596d0f60acf189d9.js?body=1" for 127.0.0.1 at 2018-06-14 15:00:55 -0500


Started POST "/posts/1/comments" for 127.0.0.1 at 2018-06-14 15:01:02 -0500
Processing by CommentsController#create as HTML
  Parameters: {"utf8"=>"✓", "authenticity_token"=>"CIhD/SEhISaGADY2QuDVjmhOnFeRyQUOBoiB7ZlB3wcRbA2AhCWax7LRYV/M0G0FhYb+7ghH4WFMnj0PFqpGiA==", "comment"=>{"content"=>";lkj"}, "commit"=>"Create Comment", "post_id"=>"1"}
  [1m[35mPost Load (0.4ms)[0m  SELECT  "posts".* FROM "posts" WHERE "posts"."id" = ? LIMIT 1  [["id", 1]]
  [1m[36m (0.3ms)[0m  [1mbegin transaction[0m
  [1m[35mSQL (0.8ms)[0m  INSERT INTO "comments" ("content", "post_id", "created_at", "updated_at") VALUES (?, ?, ?, ?)  [["content", ";lkj"], ["post_id", 1], ["created_at", "2018-06-14 20:01:02.776885"], ["updated_at", "2018-06-14 20:01:02.776885"]]
  [1m[36m (72.9ms)[0m  [1mcommit transaction[0m
  Rendered comments/_comment.html.erb (1.2ms)
  Rendered comments/create.js.erb (6.0ms)
Completed 200 OK in 96ms (Views: 9.1ms | ActiveRecord: 74.4ms)


Started GET "/posts/1" for 127.0.0.1 at 2018-06-14 15:09:17 -0500
Processing by PostsController#show as HTML
  Parameters: {"id"=>"1"}
  [1m[35mPost Load (0.4ms)[0m  SELECT  "posts".* FROM "posts" WHERE "posts"."id" = ? LIMIT 1  [["id", 1]]
  [1m[36mComment Load (0.3ms)[0m  [1mSELECT "comments".* FROM "comments" WHERE "comments"."post_id" = ?[0m  [["post_id", 1]]
  Rendered comments/_comments.html.erb (2.9ms)
  Rendered posts/show.html.erb within layouts/application (10.9ms)
Completed 200 OK in 161ms (Views: 155.8ms | ActiveRecord: 0.7ms)


Started GET "/assets/posts.self-338c5061d01d3275bb110824c58468553b53a20bdf16582f99ecdbbb90a7861e.js?body=1" for 127.0.0.1 at 2018-06-14 15:09:17 -0500


Started POST "/posts/1/comments" for 127.0.0.1 at 2018-06-14 15:09:25 -0500
Processing by CommentsController#create as HTML
  Parameters: {"utf8"=>"✓", "authenticity_token"=>"6DDKvJNMyAIS45SrJdb/n7YGjhYjJqGNV97e80AHHZfx1ITBNkhz4yYyw8Kr5kcUW87sr7qoReIdyGIRz+yEGA==", "comment"=>{"content"=>"update"}, "commit"=>"Create Comment", "post_id"=>"1"}
  [1m[35mPost Load (0.2ms)[0m  SELECT  "posts".* FROM "posts" WHERE "posts"."id" = ? LIMIT 1  [["id", 1]]
  [1m[36m (0.2ms)[0m  [1mbegin transaction[0m
  [1m[35mSQL (0.5ms)[0m  INSERT INTO "comments" ("content", "post_id", "created_at", "updated_at") VALUES (?, ?, ?, ?)  [["content", "update"], ["post_id", 1], ["created_at", "2018-06-14 20:09:25.547590"], ["updated_at", "2018-06-14 20:09:25.547590"]]
  [1m[36m (54.4ms)[0m  [1mcommit transaction[0m
  Rendered comments/_comment.html.erb (0.2ms)
  Rendered comments/create.js.erb (3.0ms)
Completed 200 OK in 70ms (Views: 5.7ms | ActiveRecord: 55.2ms)


Started GET "/posts/1" for 127.0.0.1 at 2018-06-14 15:10:14 -0500
Processing by PostsController#show as HTML
  Parameters: {"id"=>"1"}
  [1m[35mPost Load (0.3ms)[0m  SELECT  "posts".* FROM "posts" WHERE "posts"."id" = ? LIMIT 1  [["id", 1]]
  [1m[36mComment Load (0.4ms)[0m  [1mSELECT "comments".* FROM "comments" WHERE "comments"."post_id" = ?[0m  [["post_id", 1]]
  Rendered comments/_comments.html.erb (3.7ms)
  Rendered posts/show.html.erb within layouts/application (9.7ms)
Completed 200 OK in 150ms (Views: 145.3ms | ActiveRecord: 0.6ms)


Started GET "/assets/posts.self-7c066fb1be90f86d1b1498ffa6707431d0a93c9b54821b932880402bd30e261a.js?body=1" for 127.0.0.1 at 2018-06-14 15:10:14 -0500


Started POST "/posts/1/comments" for 127.0.0.1 at 2018-06-14 15:10:19 -0500
Processing by CommentsController#create as HTML
  Parameters: {"utf8"=>"✓", "authenticity_token"=>"9w/W/ZQvrf1PTZi/E+bbqzk9dQkI3N3e9oJA4o6oKoHu65iAMSsWHHucz9ad1mMg1PUXsJFSObG8lPwAAUOzDg==", "comment"=>{"content"=>"another comment"}, "commit"=>"Create Comment", "post_id"=>"1"}
  [1m[35mPost Load (0.4ms)[0m  SELECT  "posts".* FROM "posts" WHERE "posts"."id" = ? LIMIT 1  [["id", 1]]
  [1m[36m (0.3ms)[0m  [1mbegin transaction[0m
  [1m[35mSQL (0.5ms)[0m  INSERT INTO "comments" ("content", "post_id", "created_at", "updated_at") VALUES (?, ?, ?, ?)  [["content", "another comment"], ["post_id", 1], ["created_at", "2018-06-14 20:10:19.360996"], ["updated_at", "2018-06-14 20:10:19.360996"]]
  [1m[36m (76.4ms)[0m  [1mcommit transaction[0m
  Rendered comments/_comment.html.erb (0.2ms)
  Rendered comments/create.js.erb (3.3ms)
Completed 200 OK in 95ms (Views: 6.2ms | ActiveRecord: 77.5ms)


Started GET "/posts/1" for 127.0.0.1 at 2018-06-14 15:13:39 -0500
Processing by PostsController#show as HTML
  Parameters: {"id"=>"1"}
  [1m[35mPost Load (0.4ms)[0m  SELECT  "posts".* FROM "posts" WHERE "posts"."id" = ? LIMIT 1  [["id", 1]]
  [1m[36mComment Load (0.5ms)[0m  [1mSELECT "comments".* FROM "comments" WHERE "comments"."post_id" = ?[0m  [["post_id", 1]]
  Rendered comments/_comments.html.erb (3.7ms)
  Rendered posts/show.html.erb within layouts/application (8.7ms)
Completed 200 OK in 164ms (Views: 156.3ms | ActiveRecord: 0.9ms)


Started GET "/assets/posts.self-469aec22924a6c267a379dc95db76a18c92a28fbdf208d8684dd0bf498d2f22d.js?body=1" for 127.0.0.1 at 2018-06-14 15:13:40 -0500


Started POST "/posts/1/comments" for 127.0.0.1 at 2018-06-14 15:13:46 -0500
Processing by CommentsController#create as HTML
  Parameters: {"utf8"=>"✓", "authenticity_token"=>"xJJLDvbAHwd1oGlgsc50+w0EwHihRrzPFapW/QVSTnbddgVzU8Sk5kFxPgk//sxw4MyiwTjIWKBfvOofirnX+Q==", "comment"=>{"content"=>"test comment"}, "commit"=>"Create Comment", "post_id"=>"1"}
  [1m[35mPost Load (0.4ms)[0m  SELECT  "posts".* FROM "posts" WHERE "posts"."id" = ? LIMIT 1  [["id", 1]]
  [1m[36m (0.3ms)[0m  [1mbegin transaction[0m
  [1m[35mSQL (0.6ms)[0m  INSERT INTO "comments" ("content", "post_id", "created_at", "updated_at") VALUES (?, ?, ?, ?)  [["content", "test comment"], ["post_id", 1], ["created_at", "2018-06-14 20:13:46.149791"], ["updated_at", "2018-06-14 20:13:46.149791"]]
  [1m[36m (51.5ms)[0m  [1mcommit transaction[0m
  Rendered comments/_comment.html.erb (0.2ms)
  Rendered comments/create.js.erb (2.7ms)
Completed 200 OK in 71ms (Views: 5.6ms | ActiveRecord: 52.7ms)


Started GET "/posts/1" for 127.0.0.1 at 2018-06-14 15:27:19 -0500
Processing by PostsController#show as HTML
  Parameters: {"id"=>"1"}
  [1m[35mPost Load (53.7ms)[0m  SELECT  "posts".* FROM "posts" WHERE "posts"."id" = ? LIMIT 1  [["id", 1]]
  [1m[36mComment Load (0.5ms)[0m  [1mSELECT "comments".* FROM "comments" WHERE "comments"."post_id" = ?[0m  [["post_id", 1]]
  Rendered comments/_comments.html.erb (3.4ms)
  Rendered posts/show.html.erb within layouts/application (472.5ms)
Completed 200 OK in 1416ms (Views: 1097.1ms | ActiveRecord: 54.2ms)


Started GET "/assets/posts.self-c41ce44f20cc9e90b9032d1dd3727b2981032e0a0ee1a97ca074d90313cb140e.js?body=1" for 127.0.0.1 at 2018-06-14 15:27:22 -0500


Started POST "/posts/1/comments" for 127.0.0.1 at 2018-06-14 15:27:28 -0500
Processing by CommentsController#create as JS
  Parameters: {"utf8"=>"✓", "comment"=>{"content"=>"new comment"}, "commit"=>"Create Comment", "post_id"=>"1"}
  [1m[35mPost Load (0.3ms)[0m  SELECT  "posts".* FROM "posts" WHERE "posts"."id" = ? LIMIT 1  [["id", 1]]
  [1m[36m (0.2ms)[0m  [1mbegin transaction[0m
  [1m[35mSQL (65.3ms)[0m  INSERT INTO "comments" ("content", "post_id", "created_at", "updated_at") VALUES (?, ?, ?, ?)  [["content", "new comment"], ["post_id", 1], ["created_at", "2018-06-14 20:27:28.701579"], ["updated_at", "2018-06-14 20:27:28.701579"]]
  [1m[36m (53.3ms)[0m  [1mcommit transaction[0m
  Rendered comments/_comment.html.erb (0.2ms)
  Rendered comments/create.js.erb (16.1ms)
Completed 200 OK in 173ms (Views: 43.7ms | ActiveRecord: 119.2ms)


Started POST "/posts/1/comments" for 127.0.0.1 at 2018-06-14 15:30:27 -0500
Processing by CommentsController#create as JS
  Parameters: {"utf8"=>"✓", "comment"=>{"content"=>"another"}, "commit"=>"Create Comment", "post_id"=>"1"}
  [1m[35mPost Load (0.2ms)[0m  SELECT  "posts".* FROM "posts" WHERE "posts"."id" = ? LIMIT 1  [["id", 1]]
  [1m[36m (0.2ms)[0m  [1mbegin transaction[0m
  [1m[35mSQL (0.5ms)[0m  INSERT INTO "comments" ("content", "post_id", "created_at", "updated_at") VALUES (?, ?, ?, ?)  [["content", "another"], ["post_id", 1], ["created_at", "2018-06-14 20:30:27.540355"], ["updated_at", "2018-06-14 20:30:27.540355"]]
  [1m[36m (55.7ms)[0m  [1mcommit transaction[0m
  Rendered comments/_comment.html.erb (0.1ms)
  Rendered comments/create.js.erb (8.6ms)
Completed 200 OK in 89ms (Views: 24.4ms | ActiveRecord: 56.6ms)


Started POST "/posts/1/comments" for 127.0.0.1 at 2018-06-14 15:32:22 -0500
Processing by CommentsController#create as JS
  Parameters: {"utf8"=>"✓", "comment"=>{"content"=>"another"}, "commit"=>"Create Comment", "post_id"=>"1"}
  [1m[35mPost Load (0.2ms)[0m  SELECT  "posts".* FROM "posts" WHERE "posts"."id" = ? LIMIT 1  [["id", 1]]
  [1m[36m (0.3ms)[0m  [1mbegin transaction[0m
  [1m[35mSQL (0.5ms)[0m  INSERT INTO "comments" ("content", "post_id", "created_at", "updated_at") VALUES (?, ?, ?, ?)  [["content", "another"], ["post_id", 1], ["created_at", "2018-06-14 20:32:22.666272"], ["updated_at", "2018-06-14 20:32:22.666272"]]
  [1m[36m (68.8ms)[0m  [1mcommit transaction[0m
  Rendered comments/_comment.html.erb (0.1ms)
  Rendered comments/create.js.erb (5.5ms)
Completed 200 OK in 96ms (Views: 16.9ms | ActiveRecord: 69.9ms)
